2023-01-27 16:47:07,467 INFO o.a.j.u.JMeterUtils: Setting Locale to en_IN
2023-01-27 16:47:07,637 INFO o.a.j.JMeter: Loading user properties from: user.properties
2023-01-27 16:47:07,638 INFO o.a.j.JMeter: Loading system properties from: system.properties
2023-01-27 16:47:07,703 INFO o.a.j.JMeter: Setting JMeter property: jmeter.save.saveservice.output_format=xml
2023-01-27 16:47:07,703 INFO o.a.j.JMeter: Setting JMeter property: jmeter.save.saveservice.assertion_results=all
2023-01-27 16:47:07,703 INFO o.a.j.JMeter: Setting JMeter property: jmeter.save.saveservice.bytes=true
2023-01-27 16:47:07,704 INFO o.a.j.JMeter: Setting JMeter property: file_format.testlog=2.1
2023-01-27 16:47:07,704 INFO o.a.j.JMeter: Setting JMeter property: jmeter.save.saveservice.response_data.on_error=false
2023-01-27 16:47:07,743 INFO o.a.j.JMeter: Copyright (c) 1998-2022 The Apache Software Foundation
2023-01-27 16:47:07,745 INFO o.a.j.JMeter: Version 5.5
2023-01-27 16:47:07,745 INFO o.a.j.JMeter: java.version=11.0.15
2023-01-27 16:47:07,745 INFO o.a.j.JMeter: java.vm.name=Java HotSpot(TM) 64-Bit Server VM
2023-01-27 16:47:07,745 INFO o.a.j.JMeter: os.name=Windows 10
2023-01-27 16:47:07,745 INFO o.a.j.JMeter: os.arch=amd64
2023-01-27 16:47:07,745 INFO o.a.j.JMeter: os.version=10.0
2023-01-27 16:47:07,745 INFO o.a.j.JMeter: file.encoding=Cp1252
2023-01-27 16:47:07,745 INFO o.a.j.JMeter: java.awt.headless=true
2023-01-27 16:47:07,751 INFO o.a.j.JMeter: Max memory     =4265607168
2023-01-27 16:47:07,751 INFO o.a.j.JMeter: Available Processors =4
2023-01-27 16:47:07,816 INFO o.a.j.JMeter: Default Locale=English (India)
2023-01-27 16:47:07,816 INFO o.a.j.JMeter: JMeter  Locale=English (India)
2023-01-27 16:47:07,816 INFO o.a.j.JMeter: JMeterHome=C:\Users\Brigosha_Guest\Documents\Android Data\apache-jmeter-5.5\apache-jmeter-5.5
2023-01-27 16:47:07,816 INFO o.a.j.JMeter: user.dir  =C:\Users\Brigosha_Guest\Documents\Android Data\apache-jmeter-5.5\apache-jmeter-5.5\bin
2023-01-27 16:47:07,829 INFO o.a.j.JMeter: PWD       =C:\Users\Brigosha_Guest\Documents\Android Data\apache-jmeter-5.5\apache-jmeter-5.5\bin
2023-01-27 16:47:07,836 INFO o.a.j.JMeter: IP: 20.0.8.170 Name: DESKTOP-A6LNTTJ FullName: DESKTOP-A6LNTTJ
2023-01-27 16:47:07,978 INFO o.a.j.s.FileServer: Default base='C:\Users\Brigosha_Guest\Documents\Android Data\apache-jmeter-5.5\apache-jmeter-5.5\bin'
2023-01-27 16:47:07,986 INFO o.a.j.s.FileServer: Set new base='C:\Users\Brigosha_Guest\Documents\Android Data\apache-jmeter-5.5\apache-jmeter-5.5\extras'
2023-01-27 16:47:09,176 INFO o.a.j.s.SaveService: Testplan (JMX) version: 2.2. Testlog (JTL) version: 2.2
2023-01-27 16:47:09,237 INFO o.a.j.s.SaveService: Using SaveService properties version 5.0
2023-01-27 16:47:09,248 INFO o.a.j.s.SaveService: Using SaveService properties file encoding UTF-8
2023-01-27 16:47:09,264 INFO o.a.j.s.SaveService: Loading file: C:\Users\Brigosha_Guest\Documents\Android Data\apache-jmeter-5.5\apache-jmeter-5.5\extras\AulasPerformance.jmx
2023-01-27 16:47:10,058 INFO o.a.j.e.KeyToolUtils: keytool found at 'keytool'
2023-01-27 16:47:10,061 INFO o.a.j.p.h.p.ProxyControl: HTTP(S) Test Script Recorder SSL Proxy will use keys that support embedded 3rd party resources in file C:\Users\Brigosha_Guest\Documents\Android Data\apache-jmeter-5.5\apache-jmeter-5.5\bin\proxyserver.jks
2023-01-27 16:47:10,125 INFO o.a.j.p.h.s.HTTPSamplerBase: Parser for text/html is org.apache.jmeter.protocol.http.parser.LagartoBasedHtmlParser
2023-01-27 16:47:10,125 INFO o.a.j.p.h.s.HTTPSamplerBase: Parser for application/xhtml+xml is org.apache.jmeter.protocol.http.parser.LagartoBasedHtmlParser
2023-01-27 16:47:10,125 INFO o.a.j.p.h.s.HTTPSamplerBase: Parser for application/xml is org.apache.jmeter.protocol.http.parser.LagartoBasedHtmlParser
2023-01-27 16:47:10,125 INFO o.a.j.p.h.s.HTTPSamplerBase: Parser for text/xml is org.apache.jmeter.protocol.http.parser.LagartoBasedHtmlParser
2023-01-27 16:47:10,125 INFO o.a.j.p.h.s.HTTPSamplerBase: Parser for text/vnd.wap.wml is org.apache.jmeter.protocol.http.parser.RegexpHTMLParser
2023-01-27 16:47:10,125 INFO o.a.j.p.h.s.HTTPSamplerBase: Parser for text/css is org.apache.jmeter.protocol.http.parser.CssParser
2023-01-27 16:47:10,610 INFO o.a.j.JMeter: Creating summariser <summary>
2023-01-27 16:47:10,678 INFO o.a.j.e.StandardJMeterEngine: Running the test!
2023-01-27 16:47:10,678 INFO o.a.j.s.SampleEvent: List of sample_variables: []
2023-01-27 16:47:10,678 INFO o.a.j.s.SampleEvent: List of sample_variables: []
2023-01-27 16:47:10,710 INFO o.a.j.e.u.CompoundVariable: Note: Function class names must contain the string: '.functions.'
2023-01-27 16:47:10,710 INFO o.a.j.e.u.CompoundVariable: Note: Function class names must not contain the string: '.gui.'
2023-01-27 16:47:12,197 INFO o.a.j.JMeter: Running test (1674818232197)
2023-01-27 16:47:12,207 INFO o.a.j.e.StandardJMeterEngine: Starting setUp thread groups
2023-01-27 16:47:12,207 INFO o.a.j.e.StandardJMeterEngine: Starting setUp ThreadGroup: 1 : SuperAdminLogin 
2023-01-27 16:47:12,210 INFO o.a.j.e.StandardJMeterEngine: Starting 1 threads for group SuperAdminLogin.
2023-01-27 16:47:12,210 INFO o.a.j.e.StandardJMeterEngine: Thread will continue on error
2023-01-27 16:47:12,211 INFO o.a.j.t.ThreadGroup: Starting thread group... number=1 threads=1 ramp-up=1 delayedStart=false
2023-01-27 16:47:12,267 INFO o.a.j.t.ThreadGroup: Started thread group number 1
2023-01-27 16:47:12,274 INFO o.a.j.e.StandardJMeterEngine: Waiting for all setup thread groups to exit
2023-01-27 16:47:12,357 INFO o.a.j.s.SampleResult: Note: Sample TimeStamps are START times
2023-01-27 16:47:12,357 INFO o.a.j.s.SampleResult: sampleresult.default.encoding is set to ISO-8859-1
2023-01-27 16:47:12,359 INFO o.a.j.s.SampleResult: sampleresult.useNanoTime=true
2023-01-27 16:47:12,359 INFO o.a.j.s.SampleResult: sampleresult.nanoThreadSleep=5000
2023-01-27 16:47:12,373 INFO o.a.j.t.JMeterThread: Thread started: SuperAdminLogin 1-1
2023-01-27 16:47:12,805 INFO o.a.j.p.h.s.HTTPHCAbstractImpl: Local host = DESKTOP-A6LNTTJ
2023-01-27 16:47:12,853 INFO o.a.j.p.h.s.HTTPHC4Impl: HTTP request retry count = 0
2023-01-27 16:47:13,282 INFO o.a.j.p.h.s.h.LazyLayeredConnectionSocketFactory: Setting up HTTPS TrustAll Socket Factory
2023-01-27 16:47:13,307 INFO o.a.j.u.JsseSSLManager: Using default SSL protocol: TLS
2023-01-27 16:47:13,307 INFO o.a.j.u.JsseSSLManager: SSL session context: per-thread
2023-01-27 16:47:13,708 INFO o.a.j.u.SSLManager: JmeterKeyStore Location:  type JKS
2023-01-27 16:47:13,713 INFO o.a.j.u.SSLManager: KeyStore created OK
2023-01-27 16:47:13,713 WARN o.a.j.u.SSLManager: Keystore file not found, loading empty keystore
2023-01-27 16:47:18,551 INFO o.a.j.t.JMeterThread: Thread is done: SuperAdminLogin 1-1
2023-01-27 16:47:18,551 INFO o.a.j.t.JMeterThread: Thread finished: SuperAdminLogin 1-1
2023-01-27 16:47:18,567 INFO o.a.j.e.StandardJMeterEngine: All Setup Threads have ended
2023-01-27 16:47:18,635 INFO o.a.j.e.StandardJMeterEngine: Starting ThreadGroup: 1 : UserManagementModule
2023-01-27 16:47:18,637 INFO o.a.j.e.StandardJMeterEngine: Starting 1 threads for group UserManagementModule.
2023-01-27 16:47:18,637 INFO o.a.j.e.StandardJMeterEngine: Thread will continue on error
2023-01-27 16:47:18,637 INFO o.a.j.t.ThreadGroup: Starting thread group... number=1 threads=1 ramp-up=1 delayedStart=false
2023-01-27 16:47:18,652 INFO o.a.j.t.ThreadGroup: Started thread group number 1
2023-01-27 16:47:18,652 INFO o.a.j.e.StandardJMeterEngine: All thread groups have been started
2023-01-27 16:47:18,652 INFO o.a.j.t.JMeterThread: Thread started: UserManagementModule 1-1
2023-01-27 16:47:28,292 INFO o.a.j.t.JMeterThread: Thread is done: UserManagementModule 1-1
2023-01-27 16:47:28,292 INFO o.a.j.t.JMeterThread: Thread finished: UserManagementModule 1-1
2023-01-27 16:47:28,294 INFO o.a.j.e.StandardJMeterEngine: Notifying test listeners of end of test
2023-01-27 16:47:28,297 INFO o.a.j.r.Summariser: summary =     36 in 00:00:16 =    2.2/s Avg:   211 Min:    61 Max:  2285 Err:     0 (0.00%)
